<?xml version="1.0" encoding="UTF-8"?>
<!-- Generated by org.testng.reporters.JUnitReportReporter -->
<testsuite hostname="VM-HLand-QA01" name="com.ssp.regression.insurer.testscripts.US_8833" tests="3" failures="0" timestamp="11 Mar 2019 05:15:49 GMT" time="53.187" errors="0">
  <testcase name="TC_8833_9074" time="14.419" classname="com.ssp.regression.insurer.testscripts.US_8833"/>
  <testcase name="TC_8833_9073" time="9.523" classname="com.ssp.regression.insurer.testscripts.US_8833"/>
  <testcase name="TC_8833_9072" time="29.245" classname="com.ssp.regression.insurer.testscripts.US_8833"/>
</testsuite> <!-- com.ssp.regression.insurer.testscripts.US_8833 -->
