<?xml version="1.0" encoding="UTF-8"?>
<!-- Generated by org.testng.reporters.JUnitReportReporter -->
<testsuite hostname="VM-HLand-QA01" name="com.ssp.regression.insurer.testscripts.US_7329" tests="1" failures="0" timestamp="13 Mar 2019 07:41:21 GMT" time="88.044" errors="0">
  <testcase name="TC_7329_7643" time="88.044" classname="com.ssp.regression.insurer.testscripts.US_7329"/>
</testsuite> <!-- com.ssp.regression.insurer.testscripts.US_7329 -->
