<?xml version="1.0" encoding="UTF-8"?>
<!-- Generated by org.testng.reporters.JUnitReportReporter -->
<testsuite hostname="VM-HLand-QA01" name="com.ssp.regression.insurer.testscripts.US_5615" tests="3" failures="0" timestamp="15 Mar 2019 09:27:55 GMT" time="168.374" errors="0">
  <testcase name="TC_5615_6751" time="7.108" classname="com.ssp.regression.insurer.testscripts.US_5615"/>
  <testcase name="TC_5615_6569" time="99.503" classname="com.ssp.regression.insurer.testscripts.US_5615"/>
  <testcase name="TC_5615_6750" time="61.763" classname="com.ssp.regression.insurer.testscripts.US_5615"/>
</testsuite> <!-- com.ssp.regression.insurer.testscripts.US_5615 -->
