<?xml version="1.0" encoding="UTF-8"?>
<!-- Generated by org.testng.reporters.JUnitReportReporter -->
<testsuite hostname="VM-HLand-QA01" name="com.ssp.regression.insurer.testscripts.US_6524" tests="7" failures="0" timestamp="9 Apr 2019 06:18:21 GMT" time="1252.499" errors="0">
  <testcase name="TC_6524_7452" time="44.987" classname="com.ssp.regression.insurer.testscripts.US_6524"/>
  <testcase name="TC_6524_7453" time="1.930" classname="com.ssp.regression.insurer.testscripts.US_6524"/>
  <testcase name="TC_6524_7457" time="4.219" classname="com.ssp.regression.insurer.testscripts.US_6524"/>
  <testcase name="TC_6524_7459" time="423.706" classname="com.ssp.regression.insurer.testscripts.US_6524"/>
  <testcase name="TC_6524_7499" time="335.920" classname="com.ssp.regression.insurer.testscripts.US_6524"/>
  <testcase name="TC_6524_7472" time="329.824" classname="com.ssp.regression.insurer.testscripts.US_6524"/>
  <testcase name="TC_6524_7498" time="111.913" classname="com.ssp.regression.insurer.testscripts.US_6524"/>
</testsuite> <!-- com.ssp.regression.insurer.testscripts.US_6524 -->
