<?xml version="1.0" encoding="UTF-8"?>
<!-- Generated by org.testng.reporters.JUnitReportReporter -->
<testsuite hostname="VM-HLand-QA01" name="com.ssp.regression.insurer.testscripts.US_7938" tests="2" failures="0" timestamp="12 Mar 2019 05:17:49 GMT" time="97.194" errors="0">
  <testcase name="TC_7938_8538" time="68.222" classname="com.ssp.regression.insurer.testscripts.US_7938"/>
  <testcase name="TC_7938_8588" time="28.972" classname="com.ssp.regression.insurer.testscripts.US_7938"/>
</testsuite> <!-- com.ssp.regression.insurer.testscripts.US_7938 -->
