<?xml version="1.0" encoding="UTF-8"?>
<!-- Generated by org.testng.reporters.JUnitReportReporter -->
<testsuite hostname="VM-HLand-QA01" name="com.ssp.regression.insurer.testscripts.US_3044" tests="5" failures="0" timestamp="15 Mar 2019 11:02:23 GMT" time="168.530" errors="0">
  <testcase name="TC_3044_7732" time="5.840" classname="com.ssp.regression.insurer.testscripts.US_3044"/>
  <testcase name="TC_3044_7729" time="37.031" classname="com.ssp.regression.insurer.testscripts.US_3044"/>
  <testcase name="TC_3044_7730_02" time="0.686" classname="com.ssp.regression.insurer.testscripts.US_3044"/>
  <testcase name="TC_3044_7730_01" time="11.212" classname="com.ssp.regression.insurer.testscripts.US_3044"/>
  <testcase name="TC_3044_7731" time="113.761" classname="com.ssp.regression.insurer.testscripts.US_3044"/>
</testsuite> <!-- com.ssp.regression.insurer.testscripts.US_3044 -->
