<?xml version="1.0" encoding="UTF-8"?>
<!-- Generated by org.testng.reporters.JUnitReportReporter -->
<testsuite hostname="VM-HLand-QA01" name="com.ssp.regression.insurer.testscripts.US_1430" tests="1" failures="0" timestamp="15 Mar 2019 10:54:44 GMT" time="98.388" errors="0">
  <testcase name="TC_1430_6822" time="98.388" classname="com.ssp.regression.insurer.testscripts.US_1430"/>
</testsuite> <!-- com.ssp.regression.insurer.testscripts.US_1430 -->
