<?xml version="1.0" encoding="UTF-8"?>
<!-- Generated by org.testng.reporters.JUnitReportReporter -->
<testsuite hostname="VM-HLand-QA01" name="com.ssp.regression.insurer.testscripts.US_7156" tests="8" failures="0" timestamp="18 Mar 2019 07:27:17 GMT" time="621.863" errors="0">
  <testcase name="TC_7156_7789" time="113.651" classname="com.ssp.regression.insurer.testscripts.US_7156"/>
  <testcase name="TC_7156_7783" time="161.674" classname="com.ssp.regression.insurer.testscripts.US_7156"/>
  <testcase name="TC_7156_7778_02" time="44.544" classname="com.ssp.regression.insurer.testscripts.US_7156"/>
  <testcase name="TC_7156_7778_01" time="75.262" classname="com.ssp.regression.insurer.testscripts.US_7156"/>
  <testcase name="TC_7156_7792" time="61.192" classname="com.ssp.regression.insurer.testscripts.US_7156"/>
  <testcase name="TC_7156_7778_04" time="37.895" classname="com.ssp.regression.insurer.testscripts.US_7156"/>
  <testcase name="TC_7156_7778_03" time="37.028" classname="com.ssp.regression.insurer.testscripts.US_7156"/>
  <testcase name="TC_7156_7779" time="90.617" classname="com.ssp.regression.insurer.testscripts.US_7156"/>
</testsuite> <!-- com.ssp.regression.insurer.testscripts.US_7156 -->
