<?xml version="1.0" encoding="UTF-8"?>
<!-- Generated by org.testng.reporters.JUnitReportReporter -->
<testsuite hostname="VM-HLand-QA01" name="com.ssp.regression.insurer.testscripts.US_6527" tests="3" failures="0" timestamp="18 Mar 2019 10:01:44 GMT" time="70.770" errors="0">
  <testcase name="TC_6527_7619" time="4.291" classname="com.ssp.regression.insurer.testscripts.US_6527"/>
  <testcase name="TC_6527_7612" time="61.680" classname="com.ssp.regression.insurer.testscripts.US_6527"/>
  <testcase name="TC_6527_7613" time="4.799" classname="com.ssp.regression.insurer.testscripts.US_6527"/>
</testsuite> <!-- com.ssp.regression.insurer.testscripts.US_6527 -->
