<?xml version="1.0" encoding="UTF-8"?>
<!-- Generated by org.testng.reporters.JUnitReportReporter -->
<testsuite hostname="VM-HLand-QA01" name="com.ssp.regression.insurer.testscripts.US_1431" tests="1" failures="0" timestamp="15 Mar 2019 10:50:36 GMT" time="61.620" errors="0">
  <testcase name="TC_1431_6859" time="61.620" classname="com.ssp.regression.insurer.testscripts.US_1431"/>
</testsuite> <!-- com.ssp.regression.insurer.testscripts.US_1431 -->
