<?xml version="1.0" encoding="UTF-8"?>
<!-- Generated by org.testng.reporters.JUnitReportReporter -->
<testsuite hostname="VM-HLand-QA01" name="com.ssp.regression.insurer.testscripts.US_5533" tests="1" failures="0" timestamp="15 Mar 2019 11:22:30 GMT" time="54.295" errors="0">
  <testcase name="TC_5533_7386" time="54.295" classname="com.ssp.regression.insurer.testscripts.US_5533"/>
</testsuite> <!-- com.ssp.regression.insurer.testscripts.US_5533 -->
